# JRE version: OpenJDK Runtime Environment (8.0_76-b03) (build 1.8.0_76-release-b03)
# Java VM: OpenJDK 64-Bit Server VM (25.76-b03 mixed mode windows-amd64 compressed oops)
Heap:
 PSYoungGen      total 216576K, used 102403K [0x00000000e0000000, 0x00000000eff80000, 0x0000000100000000)
  eden space 212480K, 48% used [0x00000000e0000000,0x00000000e6400db0,0x00000000ecf80000)
  from space 4096K, 0% used [0x00000000efb80000,0x00000000efb80000,0x00000000eff80000)
  to   space 24064K, 0% used [0x00000000ed080000,0x00000000ed080000,0x00000000ee800000)
 ParOldGen       total 56832K, used 31184K [0x00000000a0000000, 0x00000000a3780000, 0x00000000e0000000)
  object space 56832K, 54% used [0x00000000a0000000,0x00000000a1e743f8,0x00000000a3780000)
 Metaspace       used 58953K, capacity 61148K, committed 62512K, reserved 1103872K
  class space    used 7587K, capacity 7966K, committed 8496K, reserved 1048576K
GC Heap History (10 events):
Event: 5117.206 GC heap before
{Heap before GC invocations=26 (full 5):
 PSYoungGen      total 257024K, used 10463K [0x00000000e0000000, 0x00000000f2a80000, 0x0000000100000000)
  eden space 231424K, 0% used [0x00000000e0000000,0x00000000e0000000,0x00000000ee200000)
  from space 25600K, 40% used [0x00000000ee200000,0x00000000eec37cd8,0x00000000efb00000)
  to   space 24576K, 0% used [0x00000000f1280000,0x00000000f1280000,0x00000000f2a80000)
 ParOldGen       total 56832K, used 29784K [0x00000000a0000000, 0x00000000a3780000, 0x00000000e0000000)
  object space 56832K, 52% used [0x00000000a0000000,0x00000000a1d160f0,0x00000000a3780000)
 Metaspace       used 58233K, capacity 60146K, committed 62256K, reserved 1103872K
  class space    used 7525K, capacity 7883K, committed 8496K, reserved 1048576K
Event: 5118.300 GC heap after
Heap after GC invocations=26 (full 5):
 PSYoungGen      total 257024K, used 0K [0x00000000e0000000, 0x00000000f2a80000, 0x0000000100000000)
  eden space 231424K, 0% used [0x00000000e0000000,0x00000000e0000000,0x00000000ee200000)
  from space 25600K, 0% used [0x00000000ee200000,0x00000000ee200000,0x00000000efb00000)
  to   space 24576K, 0% used [0x00000000f1280000,0x00000000f1280000,0x00000000f2a80000)
 ParOldGen       total 56832K, used 36984K [0x00000000a0000000, 0x00000000a3780000, 0x00000000e0000000)
  object space 56832K, 65% used [0x00000000a0000000,0x00000000a241e3e8,0x00000000a3780000)
 Metaspace       used 58233K, capacity 60146K, committed 62256K, reserved 1103872K
  class space    used 7525K, capacity 7883K, committed 8496K, reserved 1048576K
}
Event: 5331.119 GC heap before
{Heap before GC invocations=27 (full 5):
 PSYoungGen      total 257024K, used 231424K [0x00000000e0000000, 0x00000000f2a80000, 0x0000000100000000)
  eden space 231424K, 100% used [0x00000000e0000000,0x00000000ee200000,0x00000000ee200000)
  from space 25600K, 0% used [0x00000000ee200000,0x00000000ee200000,0x00000000efb00000)
  to   space 24576K, 0% used [0x00000000f1280000,0x00000000f1280000,0x00000000f2a80000)
 ParOldGen       total 56832K, used 36984K [0x00000000a0000000, 0x00000000a3780000, 0x00000000e0000000)
  object space 56832K, 65% used [0x00000000a0000000,0x00000000a241e3e8,0x00000000a3780000)
 Metaspace       used 58576K, capacity 60612K, committed 62256K, reserved 1103872K
  class space    used 7558K, capacity 7926K, committed 8496K, reserved 1048576K
Event: 5331.128 GC heap after
Heap after GC invocations=27 (full 5):
 PSYoungGen      total 225792K, used 4048K [0x00000000e0000000, 0x00000000f1680000, 0x0000000100000000)
  eden space 221696K, 0% used [0x00000000e0000000,0x00000000e0000000,0x00000000ed880000)
  from space 4096K, 98% used [0x00000000f1280000,0x00000000f1674010,0x00000000f1680000)
  to   space 24576K, 0% used [0x00000000ee680000,0x00000000ee680000,0x00000000efe80000)
 ParOldGen       total 56832K, used 36992K [0x00000000a0000000, 0x00000000a3780000, 0x00000000e0000000)
  object space 56832K, 65% used [0x00000000a0000000,0x00000000a24203e8,0x00000000a3780000)
 Metaspace       used 58576K, capacity 60612K, committed 62256K, reserved 1103872K
  class space    used 7558K, capacity 7926K, committed 8496K, reserved 1048576K
}
Event: 5340.096 GC heap before
{Heap before GC invocations=28 (full 5):
 PSYoungGen      total 225792K, used 225744K [0x00000000e0000000, 0x00000000f1680000, 0x0000000100000000)
  eden space 221696K, 100% used [0x00000000e0000000,0x00000000ed880000,0x00000000ed880000)
  from space 4096K, 98% used [0x00000000f1280000,0x00000000f1674010,0x00000000f1680000)
  to   space 24576K, 0% used [0x00000000ee680000,0x00000000ee680000,0x00000000efe80000)
 ParOldGen       total 56832K, used 36992K [0x00000000a0000000, 0x00000000a3780000, 0x00000000e0000000)
  object space 56832K, 65% used [0x00000000a0000000,0x00000000a24203e8,0x00000000a3780000)
 Metaspace       used 58737K, capacity 60766K, committed 62256K, reserved 1103872K
  class space    used 7566K, capacity 7941K, committed 8496K, reserved 1048576K
Event: 5340.111 GC heap after
Heap after GC invocations=28 (full 5):
 PSYoungGen      total 220160K, used 7440K [0x00000000e0000000, 0x00000000f1300000, 0x0000000100000000)
  eden space 212480K, 0% used [0x00000000e0000000,0x00000000e0000000,0x00000000ecf80000)
  from space 7680K, 96% used [0x00000000ee680000,0x00000000eedc4010,0x00000000eee00000)
  to   space 24064K, 0% used [0x00000000efb80000,0x00000000efb80000,0x00000000f1300000)
 ParOldGen       total 56832K, used 37000K [0x00000000a0000000, 0x00000000a3780000, 0x00000000e0000000)
  object space 56832K, 65% used [0x00000000a0000000,0x00000000a24223e8,0x00000000a3780000)
 Metaspace       used 58737K, capacity 60766K, committed 62256K, reserved 1103872K
  class space    used 7566K, capacity 7941K, committed 8496K, reserved 1048576K
}
Event: 5340.790 GC heap before
{Heap before GC invocations=29 (full 5):
 PSYoungGen      total 220160K, used 28760K [0x00000000e0000000, 0x00000000f1300000, 0x0000000100000000)
  eden space 212480K, 10% used [0x00000000e0000000,0x00000000e14d23e8,0x00000000ecf80000)
  from space 7680K, 96% used [0x00000000ee680000,0x00000000eedc4010,0x00000000eee00000)
  to   space 24064K, 0% used [0x00000000efb80000,0x00000000efb80000,0x00000000f1300000)
 ParOldGen       total 56832K, used 37000K [0x00000000a0000000, 0x00000000a3780000, 0x00000000e0000000)
  object space 56832K, 65% used [0x00000000a0000000,0x00000000a24223e8,0x00000000a3780000)
 Metaspace       used 58799K, capacity 60830K, committed 62256K, reserved 1103872K
  class space    used 7570K, capacity 7941K, committed 8496K, reserved 1048576K
Event: 5340.809 GC heap after
Heap after GC invocations=29 (full 5):
 PSYoungGen      total 216576K, used 3792K [0x00000000e0000000, 0x00000000eff80000, 0x0000000100000000)
  eden space 212480K, 0% used [0x00000000e0000000,0x00000000e0000000,0x00000000ecf80000)
  from space 4096K, 92% used [0x00000000efb80000,0x00000000eff34010,0x00000000eff80000)
  to   space 24064K, 0% used [0x00000000ed080000,0x00000000ed080000,0x00000000ee800000)
 ParOldGen       total 56832K, used 37008K [0x00000000a0000000, 0x00000000a3780000, 0x00000000e0000000)
  object space 56832K, 65% used [0x00000000a0000000,0x00000000a24243e8,0x00000000a3780000)
 Metaspace       used 58799K, capacity 60830K, committed 62256K, reserved 1103872K
  class space    used 7570K, capacity 7941K, committed 8496K, reserved 1048576K
}
Event: 5340.809 GC heap before
{Heap before GC invocations=30 (full 6):
 PSYoungGen      total 216576K, used 3792K [0x00000000e0000000, 0x00000000eff80000, 0x0000000100000000)
  eden space 212480K, 0% used [0x00000000e0000000,0x00000000e0000000,0x00000000ecf80000)
  from space 4096K, 92% used [0x00000000efb80000,0x00000000eff34010,0x00000000eff80000)
  to   space 24064K, 0% used [0x00000000ed080000,0x00000000ed080000,0x00000000ee800000)
 ParOldGen       total 56832K, used 37008K [0x00000000a0000000, 0x00000000a3780000, 0x00000000e0000000)
  object space 56832K, 65% used [0x00000000a0000000,0x00000000a24243e8,0x00000000a3780000)
 Metaspace       used 58799K, capacity 60830K, committed 62256K, reserved 1103872K
  class space    used 7570K, capacity 7941K, committed 8496K, reserved 1048576K
Event: 5341.110 GC heap after
Heap after GC invocations=30 (full 6):
 PSYoungGen      total 216576K, used 0K [0x00000000e0000000, 0x00000000eff80000, 0x0000000100000000)
  eden space 212480K, 0% used [0x00000000e0000000,0x00000000e0000000,0x00000000ecf80000)
  from space 4096K, 0% used [0x00000000efb80000,0x00000000efb80000,0x00000000eff80000)
  to   space 24064K, 0% used [0x00000000ed080000,0x00000000ed080000,0x00000000ee800000)
 ParOldGen       total 56832K, used 31184K [0x00000000a0000000, 0x00000000a3780000, 0x00000000e0000000)
  object space 56832K, 54% used [0x00000000a0000000,0x00000000a1e743f8,0x00000000a3780000)
 Metaspace       used 58799K, capacity 60830K, committed 62256K, reserved 1103872K
  class space    used 7570K, capacity 7941K, committed 8496K, reserved 1048576K
}

